iteration 1 max error 11.488971 
iteration 2 max error 7.133656 
iteration 3 max error 6.329475 
iteration 4 max error 5.636452 
iteration 5 max error 5.042255 
iteration 6 max error 4.513980 
iteration 7 max error 4.047219 
iteration 8 max error 3.631430 
iteration 9 max error 3.259589 
iteration 10 max error 2.925641 
-54.0087 -51.7743  -49.962 -48.3133 -46.7577
-52.7686 -50.8195 -49.0677 -47.4845 -45.9653
-51.6924 -49.8808 -48.2238  -46.671  -45.199
-50.7477 -48.9942 -47.4046 -45.8856 -44.4535
 -49.823 -48.1576  -46.605  -45.126 -43.7275
-48.9433 -47.3455  -45.826 -44.3871 -43.0197
-48.1134 -46.5585 -45.0725 -43.6673 -42.3305
-47.3077 -45.7852 -44.3395 -42.9655 -41.6584
-46.5297 -45.0374 -43.6253 -42.2821 -41.0031
-45.7625 -44.3097 -42.9291 -41.6155 -40.3613
-45.0199 -43.6009  -42.251 -40.9656 -39.7308
-44.2972 -42.9096 -41.5894 -40.3306 -39.1157
-43.5931 -42.2364 -40.9445 -39.7063 -38.5145
-42.9066 -41.5795 -40.3142 -39.0955 -37.9268
-42.2378 -40.9391 -39.6957 -38.4984 -37.3524
-41.5853 -40.3132 -39.0888 -37.9147 -36.7906
-40.9491 -39.6986 -38.4955 -37.3441 -36.2424
-40.3272 -39.0954 -37.9155  -36.786 -35.7057
-39.7147 -38.5056 -37.3484 -36.2414 -35.1812
-39.1149  -37.929 -36.7938 -35.7081 -34.6673
-38.5284 -37.3652 -36.2525 -35.1869 -34.1649
 -37.955 -36.8138 -35.7224 -34.6762 -33.6724
-37.3943 -36.2756 -35.2044 -34.1769 -33.1904
-36.8459 -35.7485 -34.6967 -33.6875 -32.7178
-36.3106 -35.2334 -34.2002 -33.2083 -32.2514
-35.7863 -34.7285 -33.7136 -32.7365 -31.7946
-35.2739 -34.2348 -33.2357 -32.2725 -31.3484
-34.7717 -33.7502 -32.7648  -31.818 -30.9128
-34.2796 -33.2715 -32.3031 -31.3742 -30.4933
-33.7936 -32.8027 -31.8508 -30.9407 -30.0981
 -33.317 -32.3432 -31.4091 -30.5234 -29.7451
Iterations took: 0.02s
Final part (Writing Part) took: 0.00s
Value function iteration completed
